<?xml version="1.0" encoding="UTF-8"?>
<testsuite xmlns:xsi="http://www.w3.org/2001/XMLSchema-instance" xsi:noNamespaceSchemaLocation="https://maven.apache.org/surefire/maven-surefire-plugin/xsd/surefire-test-report-3.0.xsd" version="3.0" name="TestSuite" time="12.323" tests="1" errors="0" skipped="0" failures="1">
  <properties>
    <property name="sun.desktop" value="windows"/>
    <property name="awt.toolkit" value="sun.awt.windows.WToolkit"/>
    <property name="java.specification.version" value="12"/>
    <property name="webdriver.chrome.driver" value="./Drivers\chromedriver.exe"/>
    <property name="sun.cpu.isalist" value="amd64"/>
    <property name="sun.jnu.encoding" value="Cp1252"/>
    <property name="java.class.path" value="C:\Users\asuvanam.ORADEV\eclipse-workspace\TestNGHybridFramework\target\test-classes;C:\Users\asuvanam.ORADEV\eclipse-workspace\TestNGHybridFramework\target\classes;C:\Users\asuvanam.ORADEV\.m2\repository\org\seleniumhq\selenium\selenium-java\3.141.59\selenium-java-3.141.59.jar;C:\Users\asuvanam.ORADEV\.m2\repository\org\seleniumhq\selenium\selenium-api\3.141.59\selenium-api-3.141.59.jar;C:\Users\asuvanam.ORADEV\.m2\repository\org\seleniumhq\selenium\selenium-chrome-driver\3.141.59\selenium-chrome-driver-3.141.59.jar;C:\Users\asuvanam.ORADEV\.m2\repository\org\seleniumhq\selenium\selenium-edge-driver\3.141.59\selenium-edge-driver-3.141.59.jar;C:\Users\asuvanam.ORADEV\.m2\repository\org\seleniumhq\selenium\selenium-firefox-driver\3.141.59\selenium-firefox-driver-3.141.59.jar;C:\Users\asuvanam.ORADEV\.m2\repository\org\seleniumhq\selenium\selenium-ie-driver\3.141.59\selenium-ie-driver-3.141.59.jar;C:\Users\asuvanam.ORADEV\.m2\repository\org\seleniumhq\selenium\selenium-opera-driver\3.141.59\selenium-opera-driver-3.141.59.jar;C:\Users\asuvanam.ORADEV\.m2\repository\org\seleniumhq\selenium\selenium-remote-driver\3.141.59\selenium-remote-driver-3.141.59.jar;C:\Users\asuvanam.ORADEV\.m2\repository\org\seleniumhq\selenium\selenium-safari-driver\3.141.59\selenium-safari-driver-3.141.59.jar;C:\Users\asuvanam.ORADEV\.m2\repository\org\seleniumhq\selenium\selenium-support\3.141.59\selenium-support-3.141.59.jar;C:\Users\asuvanam.ORADEV\.m2\repository\net\bytebuddy\byte-buddy\1.8.15\byte-buddy-1.8.15.jar;C:\Users\asuvanam.ORADEV\.m2\repository\org\apache\commons\commons-exec\1.3\commons-exec-1.3.jar;C:\Users\asuvanam.ORADEV\.m2\repository\com\google\guava\guava\25.0-jre\guava-25.0-jre.jar;C:\Users\asuvanam.ORADEV\.m2\repository\com\google\code\findbugs\jsr305\1.3.9\jsr305-1.3.9.jar;C:\Users\asuvanam.ORADEV\.m2\repository\org\checkerframework\checker-compat-qual\2.0.0\checker-compat-qual-2.0.0.jar;C:\Users\asuvanam.ORADEV\.m2\repository\com\google\errorprone\error_prone_annotations\2.1.3\error_prone_annotations-2.1.3.jar;C:\Users\asuvanam.ORADEV\.m2\repository\com\google\j2objc\j2objc-annotations\1.1\j2objc-annotations-1.1.jar;C:\Users\asuvanam.ORADEV\.m2\repository\org\codehaus\mojo\animal-sniffer-annotations\1.14\animal-sniffer-annotations-1.14.jar;C:\Users\asuvanam.ORADEV\.m2\repository\com\squareup\okhttp3\okhttp\3.11.0\okhttp-3.11.0.jar;C:\Users\asuvanam.ORADEV\.m2\repository\com\squareup\okio\okio\1.14.0\okio-1.14.0.jar;C:\Users\asuvanam.ORADEV\.m2\repository\org\testng\testng\7.1.0\testng-7.1.0.jar;C:\Users\asuvanam.ORADEV\.m2\repository\com\beust\jcommander\1.72\jcommander-1.72.jar;C:\Users\asuvanam.ORADEV\.m2\repository\com\google\inject\guice\4.1.0\guice-4.1.0-no_aop.jar;C:\Users\asuvanam.ORADEV\.m2\repository\javax\inject\javax.inject\1\javax.inject-1.jar;C:\Users\asuvanam.ORADEV\.m2\repository\aopalliance\aopalliance\1.0\aopalliance-1.0.jar;C:\Users\asuvanam.ORADEV\.m2\repository\org\yaml\snakeyaml\1.21\snakeyaml-1.21.jar;C:\Users\asuvanam.ORADEV\.m2\repository\log4j\log4j\1.2.17\log4j-1.2.17.jar;C:\Users\asuvanam.ORADEV\.m2\repository\org\apache\poi\poi\4.1.2\poi-4.1.2.jar;C:\Users\asuvanam.ORADEV\.m2\repository\commons-codec\commons-codec\1.13\commons-codec-1.13.jar;C:\Users\asuvanam.ORADEV\.m2\repository\org\apache\commons\commons-collections4\4.4\commons-collections4-4.4.jar;C:\Users\asuvanam.ORADEV\.m2\repository\org\apache\commons\commons-math3\3.6.1\commons-math3-3.6.1.jar;C:\Users\asuvanam.ORADEV\.m2\repository\com\zaxxer\SparseBitSet\1.2\SparseBitSet-1.2.jar;C:\Users\asuvanam.ORADEV\.m2\repository\org\apache\poi\poi-ooxml\4.1.2\poi-ooxml-4.1.2.jar;C:\Users\asuvanam.ORADEV\.m2\repository\org\apache\poi\poi-ooxml-schemas\4.1.2\poi-ooxml-schemas-4.1.2.jar;C:\Users\asuvanam.ORADEV\.m2\repository\org\apache\xmlbeans\xmlbeans\3.1.0\xmlbeans-3.1.0.jar;C:\Users\asuvanam.ORADEV\.m2\repository\org\apache\commons\commons-compress\1.19\commons-compress-1.19.jar;C:\Users\asuvanam.ORADEV\.m2\repository\com\github\virtuald\curvesapi\1.06\curvesapi-1.06.jar;C:\Users\asuvanam.ORADEV\.m2\repository\com\aventstack\extentreports\3.1.2\extentreports-3.1.2.jar;C:\Users\asuvanam.ORADEV\.m2\repository\org\freemarker\freemarker\2.3.23\freemarker-2.3.23.jar;C:\Users\asuvanam.ORADEV\.m2\repository\org\mongodb\mongodb-driver\3.3.0\mongodb-driver-3.3.0.jar;C:\Users\asuvanam.ORADEV\.m2\repository\org\mongodb\bson\3.3.0\bson-3.3.0.jar;C:\Users\asuvanam.ORADEV\.m2\repository\org\mongodb\mongodb-driver-core\3.3.0\mongodb-driver-core-3.3.0.jar;C:\Users\asuvanam.ORADEV\.m2\repository\org\apache\httpcomponents\httpclient\4.5.2\httpclient-4.5.2.jar;C:\Users\asuvanam.ORADEV\.m2\repository\org\apache\httpcomponents\httpcore\4.4.4\httpcore-4.4.4.jar;C:\Users\asuvanam.ORADEV\.m2\repository\commons-logging\commons-logging\1.2\commons-logging-1.2.jar;C:\Users\asuvanam.ORADEV\.m2\repository\org\apache\httpcomponents\httpmime\4.5.2\httpmime-4.5.2.jar;C:\Users\asuvanam.ORADEV\.m2\repository\org\jsoup\jsoup\1.9.2\jsoup-1.9.2.jar;C:\Users\asuvanam.ORADEV\.m2\repository\com\google\code\gson\gson\2.8.0\gson-2.8.0.jar;"/>
    <property name="java.vm.vendor" value="Oracle Corporation"/>
    <property name="sun.arch.data.model" value="64"/>
    <property name="user.variant" value=""/>
    <property name="java.vendor.url" value="https://java.oracle.com/"/>
    <property name="user.timezone" value="Asia/Calcutta"/>
    <property name="os.name" value="Windows 10"/>
    <property name="java.vm.specification.version" value="12"/>
    <property name="sun.java.launcher" value="SUN_STANDARD"/>
    <property name="user.country" value="US"/>
    <property name="sun.boot.library.path" value="C:\Program Files\Java\jdk-12.0.1\bin"/>
    <property name="sun.java.command" value="C:\Users\asuvanam.ORADEV\AppData\Local\Temp\surefire8590503739008356793\surefirebooter5428023220887945671.jar C:\Users\asuvanam.ORADEV\AppData\Local\Temp\surefire8590503739008356793 2020-10-11T07-35-35_948-jvmRun1 surefire9287313679206752652tmp surefire_07300990851849449346tmp"/>
    <property name="jdk.debug" value="release"/>
    <property name="surefire.test.class.path" value="C:\Users\asuvanam.ORADEV\eclipse-workspace\TestNGHybridFramework\target\test-classes;C:\Users\asuvanam.ORADEV\eclipse-workspace\TestNGHybridFramework\target\classes;C:\Users\asuvanam.ORADEV\.m2\repository\org\seleniumhq\selenium\selenium-java\3.141.59\selenium-java-3.141.59.jar;C:\Users\asuvanam.ORADEV\.m2\repository\org\seleniumhq\selenium\selenium-api\3.141.59\selenium-api-3.141.59.jar;C:\Users\asuvanam.ORADEV\.m2\repository\org\seleniumhq\selenium\selenium-chrome-driver\3.141.59\selenium-chrome-driver-3.141.59.jar;C:\Users\asuvanam.ORADEV\.m2\repository\org\seleniumhq\selenium\selenium-edge-driver\3.141.59\selenium-edge-driver-3.141.59.jar;C:\Users\asuvanam.ORADEV\.m2\repository\org\seleniumhq\selenium\selenium-firefox-driver\3.141.59\selenium-firefox-driver-3.141.59.jar;C:\Users\asuvanam.ORADEV\.m2\repository\org\seleniumhq\selenium\selenium-ie-driver\3.141.59\selenium-ie-driver-3.141.59.jar;C:\Users\asuvanam.ORADEV\.m2\repository\org\seleniumhq\selenium\selenium-opera-driver\3.141.59\selenium-opera-driver-3.141.59.jar;C:\Users\asuvanam.ORADEV\.m2\repository\org\seleniumhq\selenium\selenium-remote-driver\3.141.59\selenium-remote-driver-3.141.59.jar;C:\Users\asuvanam.ORADEV\.m2\repository\org\seleniumhq\selenium\selenium-safari-driver\3.141.59\selenium-safari-driver-3.141.59.jar;C:\Users\asuvanam.ORADEV\.m2\repository\org\seleniumhq\selenium\selenium-support\3.141.59\selenium-support-3.141.59.jar;C:\Users\asuvanam.ORADEV\.m2\repository\net\bytebuddy\byte-buddy\1.8.15\byte-buddy-1.8.15.jar;C:\Users\asuvanam.ORADEV\.m2\repository\org\apache\commons\commons-exec\1.3\commons-exec-1.3.jar;C:\Users\asuvanam.ORADEV\.m2\repository\com\google\guava\guava\25.0-jre\guava-25.0-jre.jar;C:\Users\asuvanam.ORADEV\.m2\repository\com\google\code\findbugs\jsr305\1.3.9\jsr305-1.3.9.jar;C:\Users\asuvanam.ORADEV\.m2\repository\org\checkerframework\checker-compat-qual\2.0.0\checker-compat-qual-2.0.0.jar;C:\Users\asuvanam.ORADEV\.m2\repository\com\google\errorprone\error_prone_annotations\2.1.3\error_prone_annotations-2.1.3.jar;C:\Users\asuvanam.ORADEV\.m2\repository\com\google\j2objc\j2objc-annotations\1.1\j2objc-annotations-1.1.jar;C:\Users\asuvanam.ORADEV\.m2\repository\org\codehaus\mojo\animal-sniffer-annotations\1.14\animal-sniffer-annotations-1.14.jar;C:\Users\asuvanam.ORADEV\.m2\repository\com\squareup\okhttp3\okhttp\3.11.0\okhttp-3.11.0.jar;C:\Users\asuvanam.ORADEV\.m2\repository\com\squareup\okio\okio\1.14.0\okio-1.14.0.jar;C:\Users\asuvanam.ORADEV\.m2\repository\org\testng\testng\7.1.0\testng-7.1.0.jar;C:\Users\asuvanam.ORADEV\.m2\repository\com\beust\jcommander\1.72\jcommander-1.72.jar;C:\Users\asuvanam.ORADEV\.m2\repository\com\google\inject\guice\4.1.0\guice-4.1.0-no_aop.jar;C:\Users\asuvanam.ORADEV\.m2\repository\javax\inject\javax.inject\1\javax.inject-1.jar;C:\Users\asuvanam.ORADEV\.m2\repository\aopalliance\aopalliance\1.0\aopalliance-1.0.jar;C:\Users\asuvanam.ORADEV\.m2\repository\org\yaml\snakeyaml\1.21\snakeyaml-1.21.jar;C:\Users\asuvanam.ORADEV\.m2\repository\log4j\log4j\1.2.17\log4j-1.2.17.jar;C:\Users\asuvanam.ORADEV\.m2\repository\org\apache\poi\poi\4.1.2\poi-4.1.2.jar;C:\Users\asuvanam.ORADEV\.m2\repository\commons-codec\commons-codec\1.13\commons-codec-1.13.jar;C:\Users\asuvanam.ORADEV\.m2\repository\org\apache\commons\commons-collections4\4.4\commons-collections4-4.4.jar;C:\Users\asuvanam.ORADEV\.m2\repository\org\apache\commons\commons-math3\3.6.1\commons-math3-3.6.1.jar;C:\Users\asuvanam.ORADEV\.m2\repository\com\zaxxer\SparseBitSet\1.2\SparseBitSet-1.2.jar;C:\Users\asuvanam.ORADEV\.m2\repository\org\apache\poi\poi-ooxml\4.1.2\poi-ooxml-4.1.2.jar;C:\Users\asuvanam.ORADEV\.m2\repository\org\apache\poi\poi-ooxml-schemas\4.1.2\poi-ooxml-schemas-4.1.2.jar;C:\Users\asuvanam.ORADEV\.m2\repository\org\apache\xmlbeans\xmlbeans\3.1.0\xmlbeans-3.1.0.jar;C:\Users\asuvanam.ORADEV\.m2\repository\org\apache\commons\commons-compress\1.19\commons-compress-1.19.jar;C:\Users\asuvanam.ORADEV\.m2\repository\com\github\virtuald\curvesapi\1.06\curvesapi-1.06.jar;C:\Users\asuvanam.ORADEV\.m2\repository\com\aventstack\extentreports\3.1.2\extentreports-3.1.2.jar;C:\Users\asuvanam.ORADEV\.m2\repository\org\freemarker\freemarker\2.3.23\freemarker-2.3.23.jar;C:\Users\asuvanam.ORADEV\.m2\repository\org\mongodb\mongodb-driver\3.3.0\mongodb-driver-3.3.0.jar;C:\Users\asuvanam.ORADEV\.m2\repository\org\mongodb\bson\3.3.0\bson-3.3.0.jar;C:\Users\asuvanam.ORADEV\.m2\repository\org\mongodb\mongodb-driver-core\3.3.0\mongodb-driver-core-3.3.0.jar;C:\Users\asuvanam.ORADEV\.m2\repository\org\apache\httpcomponents\httpclient\4.5.2\httpclient-4.5.2.jar;C:\Users\asuvanam.ORADEV\.m2\repository\org\apache\httpcomponents\httpcore\4.4.4\httpcore-4.4.4.jar;C:\Users\asuvanam.ORADEV\.m2\repository\commons-logging\commons-logging\1.2\commons-logging-1.2.jar;C:\Users\asuvanam.ORADEV\.m2\repository\org\apache\httpcomponents\httpmime\4.5.2\httpmime-4.5.2.jar;C:\Users\asuvanam.ORADEV\.m2\repository\org\jsoup\jsoup\1.9.2\jsoup-1.9.2.jar;C:\Users\asuvanam.ORADEV\.m2\repository\com\google\code\gson\gson\2.8.0\gson-2.8.0.jar;"/>
    <property name="sun.cpu.endian" value="little"/>
    <property name="user.home" value="C:\Users\asuvanam.ORADEV"/>
    <property name="user.language" value="en"/>
    <property name="java.specification.vendor" value="Oracle Corporation"/>
    <property name="java.version.date" value="2019-04-16"/>
    <property name="java.home" value="C:\Program Files\Java\jdk-12.0.1"/>
    <property name="file.separator" value="\"/>
    <property name="basedir" value="C:\Users\asuvanam.ORADEV\eclipse-workspace\TestNGHybridFramework"/>
    <property name="java.vm.compressedOopsMode" value="Zero based"/>
    <property name="line.separator" value="&#10;"/>
    <property name="java.vm.specification.vendor" value="Oracle Corporation"/>
    <property name="java.specification.name" value="Java Platform API Specification"/>
    <property name="java.awt.graphicsenv" value="sun.awt.Win32GraphicsEnvironment"/>
    <property name="surefire.real.class.path" value="C:\Users\asuvanam.ORADEV\AppData\Local\Temp\surefire8590503739008356793\surefirebooter5428023220887945671.jar"/>
    <property name="user.script" value=""/>
    <property name="sun.management.compiler" value="HotSpot 64-Bit Tiered Compilers"/>
    <property name="java.runtime.version" value="12.0.1+12"/>
    <property name="user.name" value="asuvanam"/>
    <property name="path.separator" value=";"/>
    <property name="os.version" value="10.0"/>
    <property name="java.runtime.name" value="Java(TM) SE Runtime Environment"/>
    <property name="file.encoding" value="Cp1252"/>
    <property name="java.vm.name" value="Java HotSpot(TM) 64-Bit Server VM"/>
    <property name="localRepository" value="C:\Users\asuvanam.ORADEV\.m2\repository"/>
    <property name="java.vendor.url.bug" value="https://bugreport.java.com/bugreport/"/>
    <property name="java.io.tmpdir" value="C:\Users\ASUVAN~1.ORA\AppData\Local\Temp\"/>
    <property name="java.version" value="12.0.1"/>
    <property name="user.dir" value="C:\Users\asuvanam.ORADEV\eclipse-workspace\TestNGHybridFramework"/>
    <property name="os.arch" value="amd64"/>
    <property name="java.vm.specification.name" value="Java Virtual Machine Specification"/>
    <property name="sun.os.patch.level" value=""/>
    <property name="java.library.path" value="C:\Program Files\Java\jdk-12.0.1\bin;C:\WINDOWS\Sun\Java\bin;C:\WINDOWS\system32;C:\WINDOWS;C:/Program Files/Java/jre1.8.0_191/bin/server;C:/Program Files/Java/jre1.8.0_191/bin;C:/Program Files/Java/jre1.8.0_191/lib/amd64;C:\Program Files (x86)\Common Files\Oracle\Java\javapath;C:\WINDOWS\system32;C:\WINDOWS;C:\WINDOWS\System32\Wbem;C:\WINDOWS\System32\WindowsPowerShell\v1.0\;C:\WINDOWS\System32\OpenSSH\;C:\Program Files (x86)\Sennheiser\SoftphoneSDK\;C:\Users\asuvanam.ORADEV\Desktop\Selenium Supporting Files\Maven\apache-maven-3.6.2-bin (1)\apache-maven-3.6.2\bin;C:\Program Files\Java\jdk-12.0.1;C:\Program Files\CrashPlan\jre\bin\server\;C:\Program Files\CrashPlan\jre\bin\;C:\Program Files\Intel\WiFi\bin\;C:\Program Files\Common Files\Intel\WirelessCommon\;C:\Users\asuvanam.ORADEV\Desktop\Selenium Supporting Files\Maven\apache-maven-3.6.2-bin (1)\apache-maven-3.6.2\bin;C:\Program Files\Git\cmd;C:\Users\asuvanam.ORADEV\AppData\Local\Microsoft\WindowsApps;C:\Users\asuvanam.ORADEV\Desktop\Selenium Supporting Files\Maven\apache-maven-3.6.2-bin (1)\apache-maven-3.6.2\bin;C:\Users\asuvanam.ORADEV\Desktop\Selenium Supporting Files\apache-maven-3.6.3\bin;C:\Users\asuvanam.ORADEV\Desktop\Selenium Supporting Files\jdk-15\bin;C:\Users\asuvanam.ORADEV\Desktop\Selenium Supporting Files\apache-maven-3.6.3\bin;;C:\Users\asuvanam.ORADEV\Desktop;;."/>
    <property name="java.vm.info" value="mixed mode, sharing"/>
    <property name="java.vendor" value="Oracle Corporation"/>
    <property name="java.vm.version" value="12.0.1+12"/>
    <property name="sun.io.unicode.encoding" value="UnicodeLittle"/>
    <property name="java.class.version" value="56.0"/>
  </properties>
  <testcase name="LoginTest" classname="Testcases.TC001_LoginTest" time="1.45">
    <failure message="Login Failed expected [false] but found [true]" type="java.lang.AssertionError"><![CDATA[java.lang.AssertionError: Login Failed expected [false] but found [true]
	at Testcases.TC001_LoginTest.LoginTest(TC001_LoginTest.java:35)
]]></failure>
    <system-out><![CDATA[10-11-2020 07:35:37 BaseClass.java INFO  [main] Login test 59 - --------------->Execution Started<----------------
10-11-2020 07:35:46 BaseClass.java INFO  [main] Login test 73 - ---------------->Application Opened<---------------
User name mngr281590
Password gEdAqub
10-11-2020 07:35:46 TC001_LoginTest.java INFO  [main] Login test 20 - Username entered
10-11-2020 07:35:46 TC001_LoginTest.java INFO  [main] Login test 22 - Password entered
10-11-2020 07:35:47 TC001_LoginTest.java INFO  [main] Login test 24 - Submit button is clicked
]]></system-out>
    <system-err><![CDATA[log4j:ERROR Could not find value for key log4j.appender.CONSOLE
log4j:ERROR Could not instantiate appender named "CONSOLE".
Starting ChromeDriver 85.0.4183.87 (cd6713ebf92fa1cacc0f1a598df280093af0c5d7-refs/branch-heads/4183@{#1689}) on port 23050
Only local connections are allowed.
Please see https://chromedriver.chromium.org/security-considerations for suggestions on keeping ChromeDriver safe.
ChromeDriver was started successfully.
[1602381939.232][WARNING]: This version of ChromeDriver has not been tested with Chrome version 86.
Oct 11, 2020 7:35:41 AM org.openqa.selenium.remote.ProtocolHandshake createSession
INFO: Detected dialect: W3C
]]></system-err>
  </testcase>
</testsuite>