<?xml version="1.0" encoding="UTF-8"?>
<!-- Generated by org.testng.reporters.JUnitReportReporter -->
<testsuite hostname="ASUVANAM-LAP" failures="0" tests="1" name="Testcases.TC001_LoginTest" time="2.250" errors="0" timestamp="2020-09-24T08:30:03 IST" skipped="0">
  <testcase classname="Testcases.TC001_LoginTest" name="LoginTest" time="2.250"/>
  <system-out/>
</testsuite> <!-- Testcases.TC001_LoginTest -->
